<?xml version="1.0" encoding="UTF-8"?>
<!-- Generated by org.testng.reporters.JUnitReportReporter -->
<testsuite skipped="0" hostname="DESKTOP-9LRRM7S" name="org.run.Runner" tests="4" failures="0" timestamp="21 Jul 2022 04:18:26 GMT" time="39.767" errors="0">
  <testcase name="tc1" time="11.856" classname="org.run.Runner"/>
  <testcase name="tc2" time="8.366" classname="org.run.Runner"/>
  <testcase name="tc3" time="11.297" classname="org.run.Runner"/>
  <testcase name="tc4" time="8.248" classname="org.run.Runner"/>
</testsuite> <!-- org.run.Runner -->
