<?xml version="1.0" encoding="UTF-8"?>
<!-- Generated by org.testng.reporters.JUnitReportReporter -->
<testsuite skipped="0" hostname="DESKTOP-9LRRM7S" name="org.run.Runner2" tests="1" failures="0" timestamp="26 Jul 2022 06:02:44 GMT" time="66.686" errors="0">
  <testcase name="tc1" time="66.686" classname="org.run.Runner2"/>
</testsuite> <!-- org.run.Runner2 -->
